<?xml version="1.0" encoding="UTF-8"?>
<testng-results ignored="0" total="2" passed="2" failed="0" skipped="0">
  <reporter-output>
  </reporter-output>
  <suite started-at="2024-06-19T19:39:48 IST" name="Suite" finished-at="2024-06-19T19:40:02 IST" duration-ms="14164">
    <groups>
    </groups>
    <test started-at="2024-06-19T19:39:48 IST" name="Test" finished-at="2024-06-19T19:40:02 IST" duration-ms="14164">
      <class name="package1.TestCase01">
        <test-method is-config="true" signature="setUp()[pri:0, instance:package1.TestCase01@481a996b]" started-at="2024-06-19T19:39:48 IST" name="setUp" finished-at="2024-06-19T19:39:56 IST" duration-ms="8180" status="PASS">
          <reporter-output>
          </reporter-output>
        </test-method> <!-- setUp -->
        <test-method signature="verifyLogo()[pri:0, instance:package1.TestCase01@481a996b]" started-at="2024-06-19T19:39:56 IST" name="verifyLogo" finished-at="2024-06-19T19:39:57 IST" duration-ms="924" status="PASS">
          <reporter-output>
          </reporter-output>
        </test-method> <!-- verifyLogo -->
        <test-method is-config="true" signature="tearDowm()[pri:0, instance:package1.TestCase01@481a996b]" started-at="2024-06-19T19:39:57 IST" name="tearDowm" finished-at="2024-06-19T19:39:57 IST" duration-ms="190" status="PASS">
          <reporter-output>
          </reporter-output>
        </test-method> <!-- tearDowm -->
        <test-method is-config="true" signature="setUp()[pri:0, instance:package1.TestCase01@481a996b]" started-at="2024-06-19T19:39:57 IST" name="setUp" finished-at="2024-06-19T19:40:02 IST" duration-ms="4376" status="PASS">
          <reporter-output>
          </reporter-output>
        </test-method> <!-- setUp -->
        <test-method signature="verifyTitle()[pri:0, instance:package1.TestCase01@481a996b]" started-at="2024-06-19T19:40:02 IST" name="verifyTitle" finished-at="2024-06-19T19:40:02 IST" duration-ms="160" status="PASS">
          <reporter-output>
          </reporter-output>
        </test-method> <!-- verifyTitle -->
        <test-method is-config="true" signature="tearDowm()[pri:0, instance:package1.TestCase01@481a996b]" started-at="2024-06-19T19:40:02 IST" name="tearDowm" finished-at="2024-06-19T19:40:02 IST" duration-ms="245" status="PASS">
          <reporter-output>
          </reporter-output>
        </test-method> <!-- tearDowm -->
      </class> <!-- package1.TestCase01 -->
    </test> <!-- Test -->
  </suite> <!-- Suite -->
</testng-results>
